<?xml version="1.0" encoding="UTF-8"?>
<testsuite xmlns:xsi="http://www.w3.org/2001/XMLSchema-instance" xsi:schemaLocation="https://maven.apache.org/surefire/maven-surefire-plugin/xsd/surefire-test-report.xsd" name="TestSuite" time="92.828" tests="1" errors="0" skipped="0" failures="0">
  <properties>
    <property name="java.runtime.name" value="Java(TM) SE Runtime Environment"/>
    <property name="sun.boot.library.path" value="C:\Program Files\Java\jdk1.7.0_75\jre\bin"/>
    <property name="java.vm.version" value="24.75-b04"/>
    <property name="java.vm.vendor" value="Oracle Corporation"/>
    <property name="maven.multiModuleProjectDirectory" value="C:\Users\himashreen\workspace\AdactinDemo"/>
    <property name="java.vendor.url" value="http://java.oracle.com/"/>
    <property name="path.separator" value=";"/>
    <property name="guice.disable.misplaced.annotation.check" value="true"/>
    <property name="java.vm.name" value="Java HotSpot(TM) 64-Bit Server VM"/>
    <property name="file.encoding.pkg" value="sun.io"/>
    <property name="user.script" value=""/>
    <property name="user.country" value="US"/>
    <property name="sun.java.launcher" value="SUN_STANDARD"/>
    <property name="sun.os.patch.level" value=""/>
    <property name="java.vm.specification.name" value="Java Virtual Machine Specification"/>
    <property name="user.dir" value="C:\Users\himashreen\workspace\AdactinDemo"/>
    <property name="java.runtime.version" value="1.7.0_75-b13"/>
    <property name="java.awt.graphicsenv" value="sun.awt.Win32GraphicsEnvironment"/>
    <property name="java.endorsed.dirs" value="C:\Program Files\Java\jdk1.7.0_75\jre\lib\endorsed"/>
    <property name="os.arch" value="amd64"/>
    <property name="java.io.tmpdir" value="C:\Users\HIMASH~1\AppData\Local\Temp\"/>
    <property name="line.separator" value="&#10;"/>
    <property name="java.vm.specification.vendor" value="Oracle Corporation"/>
    <property name="user.variant" value=""/>
    <property name="maven.test.additionalClasspath" value="C:\Users\himashreen\Desktop\qtest-automation-1.2.3\lib\testng-plugin-log-collector.jar"/>
    <property name="os.name" value="Windows 8.1"/>
    <property name="classworlds.conf" value="C:\apache-maven-3.3.9\bin\m2.conf"/>
    <property name="sun.jnu.encoding" value="Cp1252"/>
    <property name="java.library.path" value="C:\Program Files\Java\jdk1.7.0_75\bin;C:\windows\Sun\Java\bin;C:\windows\system32;C:\windows;C:\Python27\;C:\Python27\Scripts;C:\windows\system32;C:\windows;C:\windows\System32\Wbem;C:\windows\System32\WindowsPowerShell\v1.0\;C:\apache-maven-3.3.9\bin;C:\Program Files\Taurus\bin;C:\Program Files\Taurus\bin;C:\Program Files\Taurus\bin;C:\Program Files\Taurus\bin;C:\Program Files\Taurus\bin;C:\Program Files (x86)\HP\Unified Functional Testing\bin;C:\Program Files (x86)\Skype\Phone\;C:\Program Files\Java\jdk1.7.0_75\bin;."/>
    <property name="java.specification.name" value="Java Platform API Specification"/>
    <property name="java.class.version" value="51.0"/>
    <property name="sun.management.compiler" value="HotSpot 64-Bit Tiered Compilers"/>
    <property name="os.version" value="6.3"/>
    <property name="user.home" value="C:\Users\himashreen"/>
    <property name="user.timezone" value="Asia/Calcutta"/>
    <property name="java.awt.printerjob" value="sun.awt.windows.WPrinterJob"/>
    <property name="java.specification.version" value="1.7"/>
    <property name="file.encoding" value="Cp1252"/>
    <property name="user.name" value="himashreen"/>
    <property name="java.class.path" value="C:\apache-maven-3.3.9\boot\plexus-classworlds-2.5.2.jar"/>
    <property name="java.vm.specification.version" value="1.7"/>
    <property name="sun.arch.data.model" value="64"/>
    <property name="java.home" value="C:\Program Files\Java\jdk1.7.0_75\jre"/>
    <property name="sun.java.command" value="org.codehaus.plexus.classworlds.launcher.Launcher -f pom.xml -fn -Dmaven.test.additionalClasspath=C:\Users\himashreen\Desktop\qtest-automation-1.2.3\lib\testng-plugin-log-collector.jar test"/>
    <property name="java.specification.vendor" value="Oracle Corporation"/>
    <property name="user.language" value="en"/>
    <property name="awt.toolkit" value="sun.awt.windows.WToolkit"/>
    <property name="java.vm.info" value="mixed mode"/>
    <property name="java.version" value="1.7.0_75"/>
    <property name="java.ext.dirs" value="C:\Program Files\Java\jdk1.7.0_75\jre\lib\ext;C:\windows\Sun\Java\lib\ext"/>
    <property name="sun.boot.class.path" value="C:\Program Files\Java\jdk1.7.0_75\jre\lib\resources.jar;C:\Program Files\Java\jdk1.7.0_75\jre\lib\rt.jar;C:\Program Files\Java\jdk1.7.0_75\jre\lib\sunrsasign.jar;C:\Program Files\Java\jdk1.7.0_75\jre\lib\jsse.jar;C:\Program Files\Java\jdk1.7.0_75\jre\lib\jce.jar;C:\Program Files\Java\jdk1.7.0_75\jre\lib\charsets.jar;C:\Program Files\Java\jdk1.7.0_75\jre\lib\jfr.jar;C:\Program Files\Java\jdk1.7.0_75\jre\classes;C:\Program Files (x86)\HP\Unified Functional Testing\bin\java_shared\classes;C:\Program Files (x86)\HP\Unified Functional Testing\bin\java_shared\classes\jasmine.jar"/>
    <property name="java.vendor" value="Oracle Corporation"/>
    <property name="maven.home" value="C:\apache-maven-3.3.9"/>
    <property name="file.separator" value="\"/>
    <property name="java.vendor.url.bug" value="http://bugreport.sun.com/bugreport/"/>
    <property name="sun.cpu.endian" value="little"/>
    <property name="sun.io.unicode.encoding" value="UnicodeLittle"/>
    <property name="sun.desktop" value="windows"/>
    <property name="sun.cpu.isalist" value="amd64"/>
  </properties>
  <testcase name="TC_002" classname="TestCases.TC_002" time="91.286"/>
</testsuite>