<?xml version="1.0" encoding="UTF-8"?>
<!-- Generated by org.testng.reporters.JUnitReportReporter -->
<testsuite hostname="STI-D01-PRAKAS" name="TestCases.TC_004" tests="1" failures="0" timestamp="10 Mar 2017 09:51:09 GMT" time="31.953" errors="0">
  <testcase name="TC_004" time="31.953" classname="TestCases.TC_004"/>
</testsuite> <!-- TestCases.TC_004 -->
