<?xml version="1.0" encoding="UTF-8"?>
<!-- Generated by org.testng.reporters.JUnitReportReporter -->
<testsuite hostname="STI-D01-PRAKAS" name="TestCases.TC_001" tests="1" failures="0" timestamp="10 Mar 2017 10:23:04 GMT" time="36.903" errors="0">
  <testcase name="TC_001" time="36.903" classname="TestCases.TC_001"/>
</testsuite> <!-- TestCases.TC_001 -->
