<?xml version="1.0" encoding="UTF-8"?>
<!-- Generated by org.testng.reporters.JUnitReportReporter -->
<testsuite hostname="STI-D01-HIMASN" name="TestCases.TC_002" tests="1" failures="0" timestamp="10 Mar 2017 14:17:08 GMT" time="81.782" errors="0">
  <testcase name="TC_002" time="81.782" classname="TestCases.TC_002"/>
</testsuite> <!-- TestCases.TC_002 -->
